	Mean 1	Mean 2	Mean 3	Grp
Var	1.500000e+01	6.000000e+00	9.000000e+00	8.016632e-03
	Mean 1	Mean 2	Mean 3	Grp
Var	1.500000e+01	6.000000e+00	8.500000e+00	1.284075e-02
	Mean 1	Mean 2	Mean 3	Grp
Var	1.500000e+01	6.000000e+00	6.800000e+00	1.121333e-02
	Grp1	Grp2	Grp1 * Grp2
Var	7.208170e-02	2.675471e-01	3.842558e-02
	Grp1	Grp2	Grp1 * Grp2
Var	1.148346e-01	3.710817e-01	3.106298e-02
	Grp1	Grp2	Grp1 * Grp2
Var	1.148346e-01	3.710817e-01	3.106298e-02
	Grp1	Grp2
Var	1.198967e-01	3.262874e-01
	Grp1	Grp2
Var	1.874207e-01	4.382101e-01
	Grp1	Grp2
Var	1.874207e-01	4.382101e-01
	Grp1	Grp2	Grp3	Grp1 * Grp2	Grp1 * Grp3	Grp2 * Grp3	Grp1 * Grp2 * Grp3
Var	2.454211e-02	6.081875e-01	9.745768e-02	4.175047e-01	3.144779e-01	9.019177e-01	2.886990e-01
	Grp1	Grp2	Grp3	Grp1 * Grp2	Grp1 * Grp3	Grp2 * Grp3	Grp1 * Grp2 * Grp3
Var	1.803520e-02	7.963176e-01	1.638637e-01	3.091026e-01	2.293944e-01	9.034818e-01	2.098456e-01
	Grp1	Grp2	Grp3	Grp1 * Grp2	Grp1 * Grp3	Grp2 * Grp3	Grp1 * Grp2 * Grp3
Var	1.803520e-02	7.963176e-01	1.638637e-01	3.091026e-01	2.293944e-01	9.034818e-01	2.098456e-01
	Grp1	Grp2	Grp3
Var	1.919340e-02	5.974344e-01	8.592078e-02
	Grp1	Grp2	Grp3
Var	1.663038e-02	7.976910e-01	1.638223e-01
	Grp1	Grp2	Grp3
Var	1.663038e-02	7.976910e-01	1.638223e-01
	Grp
Var	3.595492e-02
	Grp1	Grp2	Grp1 * Grp2
Var	2.920131e-05	1.581485e-03	7.115570e-02
	Rnd	Grp	Rnd * Grp
Var	2.056123e-02	1.763787e-15	2.527110e-04
