	PC1	PC2	PC3
X1	-5.763159e+00	1.430859e+00	-8.415584e-01
X2	-5.787283e+00	1.353088e+00	-8.163996e-01
X3	-5.876091e+00	1.066911e+00	-4.925985e-01
X4	-5.903345e+00	6.799039e-01	8.221954e-01
X5	-5.900458e+00	6.243271e-01	8.866845e-01
X6	-5.923128e+00	5.393211e-01	7.710712e-01
X7	-4.990357e+00	-3.242704e+00	-7.288577e-01
X8	-4.842306e+00	-3.522283e+00	3.002458e-01
	PC1	PC2	PC3
G1	1.740454e-01	1.812116e-01	4.041405e-02
G2	4.914225e-02	7.516675e-02	3.220022e-01
G3	1.614286e-01	1.130125e-01	2.968250e-02
G4	2.873199e-02	4.081076e-02	3.585551e-01
G5	1.595282e-01	1.059146e-01	2.480970e-02
G6	1.574779e-02	-8.129971e-03	3.244173e-01
G7	1.580773e-01	1.026940e-01	3.746173e-02
G8	1.242409e-02	-4.716715e-02	2.735257e-01
G9	1.520121e-01	7.365521e-02	3.038165e-02
G10	9.091947e-04	-6.914065e-02	2.941833e-01
G11	1.381134e-01	3.162958e-02	-1.665971e-03
G12	5.378548e-03	-4.688430e-02	2.039700e-01
G13	1.174315e-01	-1.696890e-02	-1.425858e-02
G14	9.250946e-03	-3.652754e-03	9.879019e-02
G15	9.771697e-02	-5.126444e-02	-1.223076e-02
G16	1.300116e-02	2.350242e-02	5.799979e-02
G17	7.633749e-02	-1.102240e-01	1.245270e-03
G18	1.190793e-02	3.985918e-02	7.521359e-03
G19	6.039979e-02	-1.325922e-01	-2.914632e-02
G20	1.509509e-02	5.600697e-02	-1.605970e-02
G21	2.838807e-02	-1.760813e-01	-3.107463e-02
G22	1.416074e-02	7.316840e-02	-5.901358e-02
G23	1.195201e-02	-2.264149e-01	-8.873806e-02
G24	1.671524e-02	9.926998e-02	-9.302876e-02
G25	-2.143134e-02	-3.707127e-01	-1.483861e-01
G26	1.558143e-02	1.316456e-01	-1.507507e-01
G27	-5.614038e-02	-4.186917e-01	-1.695298e-01
G28	1.639901e-02	1.499563e-01	-1.835993e-01
G29	-1.240215e-01	-3.440824e-01	-1.222197e-01
G30	1.250713e-02	1.596329e-01	-2.113873e-01
G31	-2.477813e-01	-2.147026e-01	-4.449010e-02
G32	7.908703e-03	1.624999e-01	-2.301667e-01
G33	-3.720735e-01	-1.162783e-01	2.629260e-03
G34	6.928363e-03	1.797506e-01	-2.644723e-01
G35	-7.699776e-01	3.325122e-01	1.033145e-01
G36	4.205171e-03	2.210887e-01	-3.406853e-01
	Cumulative Sum of Squares
PC1	8.831077e-01
PC2	9.840835e-01
PC3	9.989985e-01
	PC1	PC2	PC3
X1	1.669131e+00	8.594418e-01	1.744124e-01
X2	1.583465e+00	8.225047e-01	1.000285e-01
X3	1.213075e+00	5.772794e-01	3.009954e-01
X4	1.072623e+00	8.296083e-01	1.106551e-01
X5	1.088393e+00	8.915243e-01	9.276993e-02
X6	9.573668e-01	7.910019e-01	1.764460e-01
X7	3.331116e+00	7.623681e-01	2.235434e-01
X8	3.542890e+00	3.815645e-01	2.354654e-01
	PC1	PC2	PC3
G1	9.883610e-01	1.480051e-01	1.220232e-01
G2	7.937798e-01	6.824789e-01	1.428074e-01
G3	6.155097e-01	8.622174e-02	6.041199e-02
G4	7.815231e-01	7.498956e-01	1.005122e-01
G5	5.769395e-01	8.143009e-02	6.314167e-02
G6	6.764923e-01	6.750701e-01	6.024986e-02
G7	5.644552e-01	1.091754e-01	7.675291e-02
G8	6.274919e-01	5.736273e-01	8.759465e-02
G9	4.147257e-01	1.192903e-01	1.013174e-01
G10	7.417185e-01	6.411915e-01	1.984318e-01
G11	1.772382e-01	4.816487e-02	4.804095e-02
G12	4.992773e-01	4.305272e-01	8.150771e-02
G13	1.084534e-01	5.821026e-02	5.015101e-02
G14	2.198463e-01	2.189621e-01	7.760274e-02
G15	2.923914e-01	9.521847e-02	9.178226e-02
G16	1.872171e-01	1.377931e-01	6.735645e-02
G17	5.964548e-01	4.942947e-02	4.936205e-02
G18	2.443214e-01	1.161479e-01	1.150970e-01
G19	7.191473e-01	7.686713e-02	4.753387e-02
G20	3.227683e-01	1.138358e-01	1.088609e-01
G21	9.522460e-01	7.159277e-02	3.126695e-02
G22	4.165452e-01	1.334964e-01	5.349466e-02
G23	1.235977e+00	1.919298e-01	5.488305e-02
G24	5.769625e-01	2.151881e-01	9.555574e-02
G25	2.022995e+00	3.097765e-01	3.715683e-02
G26	7.882012e-01	3.424475e-01	1.401822e-01
G27	2.285501e+00	3.543028e-01	4.555804e-02
G28	9.126093e-01	4.229820e-01	1.847082e-01
G29	1.872827e+00	2.539651e-01	1.825267e-02
G30	9.690280e-01	4.449187e-01	7.751628e-02
G31	1.161710e+00	9.496030e-02	2.269410e-02
G32	9.985935e-01	4.788201e-01	4.130186e-02
G33	6.282984e-01	3.955807e-02	3.918094e-02
G34	1.114946e+00	5.508978e-01	5.509162e-02
G35	1.807041e+00	2.237645e-01	6.496562e-02
G36	1.392055e+00	7.185603e-01	1.332748e-01
	PC1	PC2	PC3
X1	-5.702067e+00	1.306985e+00	-7.856334e-01
X2	-5.691994e+00	1.297930e+00	-8.350455e-01
X3	-5.717949e+00	1.027141e+00	-5.229666e-01
X4	-5.905854e+00	6.796307e-01	7.937416e-01
X5	-5.819502e+00	6.285268e-01	8.192611e-01
X6	-5.925103e+00	5.397021e-01	7.453787e-01
X7	-4.839643e+00	-3.242027e+00	-7.211075e-01
X8	-4.831358e+00	-3.518796e+00	3.421106e-01
	PC1	PC2	PC3
G1	1.579195e-01	1.864318e-01	3.837348e-02
G2	5.062930e-02	8.150878e-02	3.364619e-01
G3	1.640744e-01	1.193838e-01	4.346782e-02
G4	2.996679e-02	4.671250e-02	3.742530e-01
G5	1.391557e-01	5.542180e-02	-1.894789e-02
G6	1.684876e-02	-3.191022e-03	3.415797e-01
G7	1.606689e-01	1.089015e-01	5.248140e-02
G8	1.352654e-02	-4.303523e-02	2.904590e-01
G9	1.545358e-01	7.939144e-02	4.636272e-02
G10	1.846393e-03	-6.542649e-02	3.143710e-01
G11	1.405405e-01	3.656944e-02	1.342109e-02
G12	6.497773e-03	-4.333035e-02	2.196752e-01
G13	1.196711e-01	-1.293793e-02	1.359738e-03
G14	1.056913e-02	-1.854814e-04	1.094160e-01
G15	9.976807e-02	-4.790732e-02	4.217248e-03
G16	1.443396e-02	2.704473e-02	6.653520e-02
G17	6.425426e-02	-9.602715e-02	-5.682655e-03
G18	1.339751e-02	4.325446e-02	1.392875e-02
G19	6.213740e-02	-1.306078e-01	-1.395995e-02
G20	1.665425e-02	5.943038e-02	-1.047378e-02
G21	2.984154e-02	-1.750545e-01	-1.570676e-02
G22	1.575206e-02	7.631711e-02	-5.356504e-02
G23	1.330666e-02	-2.265339e-01	-7.419029e-02
G24	1.837745e-02	1.024213e-01	-8.868292e-02
G25	-2.039978e-02	-3.732962e-01	-1.310711e-01
G26	1.730763e-02	1.345910e-01	-1.476913e-01
G27	-5.538911e-02	-4.224300e-01	-1.528538e-01
G28	1.816939e-02	1.527851e-01	-1.810205e-01
G29	-1.237623e-01	-3.476774e-01	-1.111200e-01
G30	1.431073e-02	1.624130e-01	-2.106366e-01
G31	-2.484162e-01	-2.181994e-01	-4.320541e-02
G32	9.711385e-03	1.651396e-01	-2.303244e-01
G33	-3.735962e-01	-1.202031e-01	-5.836393e-03
G34	1.570726e-02	1.580015e-01	-1.641072e-01
G35	-7.741841e-01	3.281083e-01	5.940121e-02
G36	6.167569e-03	2.235118e-01	-3.451222e-01
	Cumulative Sum of Squares
PC1	8.821310e-01
PC2	9.832820e-01
PC3	9.978303e-01
	PC1	PC2	PC3
X1	1.574296e+00	8.529670e-01	3.061215e-01
X2	1.570809e+00	8.759478e-01	2.645017e-01
X3	1.220532e+00	6.308821e-01	3.523001e-01
X4	1.058718e+00	8.117799e-01	1.701793e-01
X5	1.060681e+00	8.486086e-01	1.757042e-01
X6	9.450694e-01	7.758079e-01	2.151476e-01
X7	3.335312e+00	7.624170e-01	2.471780e-01
X8	3.557805e+00	5.254084e-01	3.987660e-01
	PC1	PC2	PC3
G1	1.054846e+00	2.930071e-01	2.818507e-01
G2	8.200588e-01	6.951449e-01	1.453732e-01
G3	6.446429e-01	9.761686e-02	4.262145e-02
G4	8.029392e-01	7.632478e-01	1.040245e-01
G5	4.906910e-01	3.478330e-01	3.454499e-01
G6	6.940075e-01	6.937984e-01	7.140640e-02
G7	5.985174e-01	1.426882e-01	9.548446e-02
G8	6.371911e-01	5.943488e-01	9.422773e-02
G9	4.518245e-01	1.567829e-01	1.257256e-01
G10	7.532525e-01	6.674126e-01	2.050206e-01
G11	2.041623e-01	5.986306e-02	5.336983e-02
G12	5.090490e-01	4.534785e-01	9.308054e-02
G13	9.475101e-02	6.487699e-02	6.481880e-02
G14	2.311392e-01	2.311371e-01	6.750502e-02
G15	2.797090e-01	1.133681e-01	1.130474e-01
G16	2.014158e-01	1.404677e-01	4.075624e-02
G17	5.673921e-01	2.090427e-01	2.086732e-01
G18	2.491114e-01	9.357100e-02	8.923906e-02
G19	6.980450e-01	3.598478e-02	2.234798e-02
G20	3.279944e-01	8.342034e-02	8.069184e-02
G21	9.353280e-01	4.274493e-02	2.863784e-02
G22	4.251997e-01	1.219335e-01	5.617889e-02
G23	1.219242e+00	1.567710e-01	4.593245e-02
G24	5.852423e-01	2.089456e-01	1.074982e-01
G25	2.010682e+00	2.700667e-01	5.302187e-02
G26	7.958033e-01	3.423984e-01	1.679294e-01
G27	2.276552e+00	3.145745e-01	5.989648e-02
G28	9.200065e-01	4.259006e-01	2.182553e-01
G29	1.869554e+00	2.269924e-01	3.352948e-02
G30	9.736371e-01	4.432760e-01	1.240601e-01
G31	1.168286e+00	9.227877e-02	2.992897e-02
G32	1.001678e+00	4.758576e-01	9.950307e-02
G33	6.443791e-01	5.997022e-02	5.879953e-02
G34	9.706024e-01	4.223226e-01	1.836542e-01
G35	1.759555e+00	1.705273e-01	1.211475e-01
G36	1.392002e+00	7.172470e-01	1.680965e-01
